<?xml version="1.0" encoding="UTF-8"?>
<!-- Generated by org.testng.reporters.JUnitReportReporter -->
<testsuite hostname="DESKTOP-239U23E" failures="0" tests="1" name="Base.WebShop_Assignment" time="29.611" errors="0" timestamp="2025-05-20T12:28:08 IST" skipped="0">
  <testcase classname="Base.WebShop_Assignment" name="testlogin" time="29.611"/>
  <system-out/>
</testsuite> <!-- Base.WebShop_Assignment -->
